app/build/intermediates/manifest_merge_blame_file/release/manifest-merger-blame-release-report.txt
1<?xml version="1.0" encoding="utf-8"?>
2<manifest xmlns:android="http://schemas.android.com/apk/res/android"
3    package="com.spacebilliard.app"
4    android:versionCode="1"
5    android:versionName="1.0" >
6
7    <uses-sdk
8        android:minSdkVersion="24"
9        android:targetSdkVersion="35" />
10
11    <!-- İnternet izni (ses dosyaları için) -->
12    <uses-permission android:name="android.permission.INTERNET" />
12-->src\main\AndroidManifest.xml:6:5-67
12-->src\main\AndroidManifest.xml:6:22-64
13    <uses-permission android:name="android.permission.ACCESS_NETWORK_STATE" />
13-->src\main\AndroidManifest.xml:7:5-79
13-->src\main\AndroidManifest.xml:7:22-76
14
15    <permission
15-->[androidx.core:core:1.12.0] AndroidManifest.xml:22:5-24:47
16        android:name="com.spacebilliard.app.DYNAMIC_RECEIVER_NOT_EXPORTED_PERMISSION"
16-->[androidx.core:core:1.12.0] AndroidManifest.xml:23:9-81
17        android:protectionLevel="signature" />
17-->[androidx.core:core:1.12.0] AndroidManifest.xml:24:9-44
18
19    <uses-permission android:name="com.spacebilliard.app.DYNAMIC_RECEIVER_NOT_EXPORTED_PERMISSION" />
19-->[androidx.core:core:1.12.0] AndroidManifest.xml:26:5-97
19-->[androidx.core:core:1.12.0] AndroidManifest.xml:26:22-94
20
21    <application
21-->src\main\AndroidManifest.xml:9:5-32:19
22        android:allowBackup="true"
22-->src\main\AndroidManifest.xml:10:9-35
23        android:appComponentFactory="androidx.core.app.CoreComponentFactory"
23-->[androidx.core:core:1.12.0] AndroidManifest.xml:28:18-86
24        android:extractNativeLibs="false"
25        android:icon="@android:drawable/ic_menu_gallery"
25-->src\main\AndroidManifest.xml:11:9-57
26        android:label="Space Billiard"
26-->src\main\AndroidManifest.xml:12:9-39
27        android:roundIcon="@android:drawable/ic_menu_gallery"
27-->src\main\AndroidManifest.xml:13:9-62
28        android:supportsRtl="true"
28-->src\main\AndroidManifest.xml:14:9-35
29        android:theme="@android:style/Theme.NoTitleBar.Fullscreen"
29-->src\main\AndroidManifest.xml:15:9-67
30        android:usesCleartextTraffic="true" >
30-->src\main\AndroidManifest.xml:16:9-44
31        <activity
31-->src\main\AndroidManifest.xml:18:9-26:20
32            android:name="com.spacebilliard.app.MainActivity"
32-->src\main\AndroidManifest.xml:19:13-62
33            android:configChanges="orientation|screenSize|screenLayout|keyboardHidden"
33-->src\main\AndroidManifest.xml:21:13-87
34            android:exported="true" >
34-->src\main\AndroidManifest.xml:20:13-36
35            <intent-filter>
35-->src\main\AndroidManifest.xml:22:13-25:29
36                <action android:name="android.intent.action.MAIN" />
36-->src\main\AndroidManifest.xml:23:17-69
36-->src\main\AndroidManifest.xml:23:25-66
37
38                <category android:name="android.intent.category.LAUNCHER" />
38-->src\main\AndroidManifest.xml:24:17-77
38-->src\main\AndroidManifest.xml:24:27-74
39            </intent-filter>
40        </activity>
41        <activity
41-->src\main\AndroidManifest.xml:28:9-31:73
42            android:name="com.spacebilliard.app.ShopActivity"
42-->src\main\AndroidManifest.xml:29:13-62
43            android:screenOrientation="portrait"
43-->src\main\AndroidManifest.xml:30:13-49
44            android:theme="@android:style/Theme.NoTitleBar.Fullscreen" />
44-->src\main\AndroidManifest.xml:31:13-71
45    </application>
46
47</manifest>